#
# There is insufficient memory for the Java Runtime Environment to continue.
# Native memory allocation (mmap) failed to map 117440512 bytes for Failed to commit area from 0x0000000091000000 to 0x0000000098000000 of length 117440512.
# Possible reasons:
#   The system is out of physical RAM or swap space
#   The process is running with CompressedOops enabled, and the Java Heap may be blocking the growth of the native heap
# Possible solutions:
#   Reduce memory load on the system
#   Increase physical memory or swap space
#   Check if swap backing store is full
#   Decrease Java heap size (-Xmx/-Xms)
#   Decrease number of Java threads
#   Decrease Java thread stack sizes (-Xss)
#   Set larger code cache with -XX:ReservedCodeCacheSize=
# This output file may be truncated or incomplete.
#
#  Out of Memory Error (./src/hotspot/os/windows/os_windows.cpp:3301), pid=6248, tid=12088
#
# JRE version:  (11.0.11+9) (build )
# Java VM: OpenJDK 64-Bit Server VM (11.0.11+9-b60-7590822, mixed mode, sharing, tiered, compressed oops, g1 gc, windows-amd64)
# No core dump will be written. Minidumps are not enabled by default on client versions of Windows
#

---------------  S U M M A R Y ------------

Command Line: org.jetbrains.git4idea.http.GitAskPassApp Username for 'https://github.com': 

Host: AMD Ryzen 5 3500U with Radeon Vega Mobile Gfx  , 8 cores, 6G,  Windows 10 , 64 bit Build 19041 (10.0.19041.1566)
Time: Wed Mar 23 03:50:06 2022 RTZ 2 (зима) elapsed time: 0.015300 seconds (0d 0h 0m 0s)

---------------  T H R E A D  ---------------

Current thread (0x00000224657fe000):  JavaThread "Unknown thread" [_thread_in_vm, id=12088, stack(0x0000003855900000,0x0000003855a00000)]

Stack: [0x0000003855900000,0x0000003855a00000]
Native frames: (J=compiled Java code, j=interpreted, Vv=VM code, C=native code)
V  [jvm.dll+0x5f214a]
V  [jvm.dll+0x726fb5]
V  [jvm.dll+0x7285cd]
V  [jvm.dll+0x728c83]
V  [jvm.dll+0x243278]
V  [jvm.dll+0x5ef544]
V  [jvm.dll+0x5e4495]
V  [jvm.dll+0x2fec5b]
V  [jvm.dll+0x2febca]
V  [jvm.dll+0x2feaa2]
V  [jvm.dll+0x303986]
V  [jvm.dll+0x34c3a3]
V  [jvm.dll+0x34caa6]
V  [jvm.dll+0x34c4a3]
V  [jvm.dll+0x2d9688]
V  [jvm.dll+0x2da837]
V  [jvm.dll+0x705ba7]
V  [jvm.dll+0x70739c]
V  [jvm.dll+0x3598f9]
V  [jvm.dll+0x6e931e]
V  [jvm.dll+0x3c1c43]
V  [jvm.dll+0x3c3e81]
C  [jli.dll+0x5373]
C  [ucrtbase.dll+0x21bb2]
C  [KERNEL32.DLL+0x17034]
C  [ntdll.dll+0x52651]


---------------  P R O C E S S  ---------------

Threads class SMR info:
_java_thread_list=0x000002246571fe40, length=0, elements={
}

Java Threads: ( => current thread )

Other Threads:
  0x0000022465954800 GCTaskThread "GC Thread#0" [stack: 0x0000003855a00000,0x0000003855b00000] [id=21052]
  0x0000022465981800 ConcurrentGCThread "G1 Main Marker" [stack: 0x0000003855b00000,0x0000003855c00000] [id=17016]
  0x0000022465988000 ConcurrentGCThread "G1 Conc#0" [stack: 0x0000003855c00000,0x0000003855d00000] [id=15312]

[error occurred during error reporting (printing all threads), id 0xc0000005, EXCEPTION_ACCESS_VIOLATION (0xc0000005) at pc=0x00007ffee55e9c47]

VM state:not at safepoint (not fully initialized)

VM Mutex/Monitor currently owned by a thread:  ([mutex/lock_event])
[0x00000224657fabf0] Heap_lock - owner thread: 0x00000224657fe000

Heap address: 0x0000000091000000, size: 1776 MB, Compressed Oops mode: Non-zero based: 0x0000000091000000
Narrow klass base: 0x0000000000000000, Narrow klass shift: 0

GC Heap History (0 events):
No events

Deoptimization events (0 events):
No events

Classes redefined (0 events):
No events

Internal exceptions (0 events):
No events

Events (1 events):
Event: 0.008 Loaded shared library D:\JetUpdates\apps\AndroidStudio\ch-0\211.7628.21.2111.8193401\jre\bin\zip.dll


Dynamic libraries:
0x00007ff7d5820000 - 0x00007ff7d582a000 	D:\JetUpdates\apps\AndroidStudio\ch-0\211.7628.21.2111.8193401\jre\bin\java.exe
0x00007fff412d0000 - 0x00007fff414c5000 	C:\WINDOWS\SYSTEM32\ntdll.dll
0x00007fff40750000 - 0x00007fff4080e000 	C:\WINDOWS\System32\KERNEL32.DLL
0x00007fff3ed90000 - 0x00007fff3f058000 	C:\WINDOWS\System32\KERNELBASE.dll
0x00007fff3f110000 - 0x00007fff3f210000 	C:\WINDOWS\System32\ucrtbase.dll
0x00007fff134b0000 - 0x00007fff134c7000 	D:\JetUpdates\apps\AndroidStudio\ch-0\211.7628.21.2111.8193401\jre\bin\VCRUNTIME140.dll
0x00007fff17f40000 - 0x00007fff17f59000 	D:\JetUpdates\apps\AndroidStudio\ch-0\211.7628.21.2111.8193401\jre\bin\jli.dll
0x00007fff3f580000 - 0x00007fff3f720000 	C:\WINDOWS\System32\USER32.dll
0x00007fff3f300000 - 0x00007fff3f322000 	C:\WINDOWS\System32\win32u.dll
0x00007fff25590000 - 0x00007fff2582a000 	C:\WINDOWS\WinSxS\amd64_microsoft.windows.common-controls_6595b64144ccf1df_6.0.19041.1110_none_60b5254171f9507e\COMCTL32.dll
0x00007fff40b50000 - 0x00007fff40b7b000 	C:\WINDOWS\System32\GDI32.dll
0x00007fff3f430000 - 0x00007fff3f4ce000 	C:\WINDOWS\System32\msvcrt.dll
0x00007fff3ec80000 - 0x00007fff3ed8b000 	C:\WINDOWS\System32\gdi32full.dll
0x00007fff3f210000 - 0x00007fff3f2ad000 	C:\WINDOWS\System32\msvcp_win.dll
0x00007fff3fb90000 - 0x00007fff3fbc0000 	C:\WINDOWS\System32\IMM32.DLL
0x00007ffef8fe0000 - 0x00007ffef907d000 	D:\JetUpdates\apps\AndroidStudio\ch-0\211.7628.21.2111.8193401\jre\bin\msvcp140.dll
0x00007ffee5300000 - 0x00007ffee5dd5000 	D:\JetUpdates\apps\AndroidStudio\ch-0\211.7628.21.2111.8193401\jre\bin\server\jvm.dll
0x00007fff40a40000 - 0x00007fff40aee000 	C:\WINDOWS\System32\ADVAPI32.dll
0x00007fff3f390000 - 0x00007fff3f42c000 	C:\WINDOWS\System32\sechost.dll
0x00007fff40450000 - 0x00007fff40575000 	C:\WINDOWS\System32\RPCRT4.dll
0x00007fff40920000 - 0x00007fff40928000 	C:\WINDOWS\System32\PSAPI.DLL
0x00007fff1bfc0000 - 0x00007fff1bfc9000 	C:\WINDOWS\SYSTEM32\WSOCK32.dll
0x00007fff3bc20000 - 0x00007fff3bc47000 	C:\WINDOWS\SYSTEM32\WINMM.dll
0x00007fff35d00000 - 0x00007fff35d0a000 	C:\WINDOWS\SYSTEM32\VERSION.dll
0x00007fff409d0000 - 0x00007fff40a3b000 	C:\WINDOWS\System32\WS2_32.dll
0x00007fff3d2c0000 - 0x00007fff3d2d2000 	C:\WINDOWS\SYSTEM32\kernel.appcore.dll
0x00007fff17770000 - 0x00007fff17781000 	D:\JetUpdates\apps\AndroidStudio\ch-0\211.7628.21.2111.8193401\jre\bin\verify.dll
0x00007fff3cad0000 - 0x00007fff3ccb4000 	C:\WINDOWS\SYSTEM32\DBGHELP.DLL
0x00007fff30e80000 - 0x00007fff30eac000 	C:\WINDOWS\SYSTEM32\dbgcore.DLL
0x00007fff3ebf0000 - 0x00007fff3ec72000 	C:\WINDOWS\System32\bcryptPrimitives.dll
0x00007fff17740000 - 0x00007fff17769000 	D:\JetUpdates\apps\AndroidStudio\ch-0\211.7628.21.2111.8193401\jre\bin\java.dll
0x00007fff17870000 - 0x00007fff1787b000 	D:\JetUpdates\apps\AndroidStudio\ch-0\211.7628.21.2111.8193401\jre\bin\jimage.dll
0x00007fff17720000 - 0x00007fff17738000 	D:\JetUpdates\apps\AndroidStudio\ch-0\211.7628.21.2111.8193401\jre\bin\zip.dll

dbghelp: loaded successfully - version: 4.0.5 - missing functions: none
symbol engine: initialized successfully - sym options: 0x614 - pdb path: .;D:\JetUpdates\apps\AndroidStudio\ch-0\211.7628.21.2111.8193401\jre\bin;C:\WINDOWS\SYSTEM32;C:\WINDOWS\WinSxS\amd64_microsoft.windows.common-controls_6595b64144ccf1df_6.0.19041.1110_none_60b5254171f9507e;D:\JetUpdates\apps\AndroidStudio\ch-0\211.7628.21.2111.8193401\jre\bin\server

VM Arguments:
java_command: org.jetbrains.git4idea.http.GitAskPassApp Username for 'https://github.com': 
java_class_path (initial): D:/JetUpdates/apps/AndroidStudio/ch-0/211.7628.21.2111.8193401/plugins/git4idea/lib/git4idea-rt.jar;D:/JetUpdates/apps/AndroidStudio/ch-0/211.7628.21.2111.8193401/lib/xmlrpc-2.0.1.jar;D:/JetUpdates/apps/AndroidStudio/ch-0/211.7628.21.2111.8193401/lib/commons-codec-1.15.jar
Launcher Type: SUN_STANDARD

[Global flags]
     intx CICompilerCount                          = 4                                         {product} {ergonomic}
     uint ConcGCThreads                            = 2                                         {product} {ergonomic}
     uint G1ConcRefinementThreads                  = 8                                         {product} {ergonomic}
   size_t G1HeapRegionSize                         = 1048576                                   {product} {ergonomic}
    uintx GCDrainStackTargetSize                   = 64                                        {product} {ergonomic}
   size_t InitialHeapSize                          = 117440512                                 {product} {ergonomic}
   size_t MarkStackSize                            = 4194304                                   {product} {ergonomic}
   size_t MaxHeapSize                              = 1862270976                                {product} {ergonomic}
   size_t MinHeapDeltaBytes                        = 1048576                                   {product} {ergonomic}
    uintx NonNMethodCodeHeapSize                   = 5836300                                {pd product} {ergonomic}
    uintx NonProfiledCodeHeapSize                  = 122910970                              {pd product} {ergonomic}
    uintx ProfiledCodeHeapSize                     = 122910970                              {pd product} {ergonomic}
    uintx ReservedCodeCacheSize                    = 251658240                              {pd product} {ergonomic}
     bool SegmentedCodeCache                       = true                                      {product} {ergonomic}
     bool UseCompressedClassPointers               = true                                 {lp64_product} {ergonomic}
     bool UseCompressedOops                        = true                                 {lp64_product} {ergonomic}
     bool UseG1GC                                  = true                                      {product} {ergonomic}
     bool UseLargePagesIndividualAllocation        = false                                  {pd product} {ergonomic}

Logging:
Log output configuration:
 #0: stdout all=warning uptime,level,tags
 #1: stderr all=off uptime,level,tags

Environment Variables:
JAVA_HOME=C:\Program Files\Java\jdk-14.0.2
PATH=C:\Program Files\Git\mingw64\libexec\git-core;C:\Program Files\Git\mingw64\libexec\git-core;C:\Program Files\Git\mingw64\bin;C:\Program Files\Git\usr\bin;C:\Users\79372\bin;C:\Program Files (x86)\NVIDIA Corporation\PhysX\Common;C:\Program Files\Java\jdk-14.0.2\bin;C:\Program Files\Git\cmd;C:\Program Files (x86)\Brackets\command;C:\WINDOWS\system32;C:\WINDOWS;C:\WINDOWS\System32\Wbem;C:\WINDOWS\System32\WindowsPowerShell\v1.0;C:\WINDOWS\System32\OpenSSH;C:\Program Files\Microsoft SQL Server\Client SDK\ODBC\170\Tools\Binn;C:\Program Files (x86)\Microsoft SQL Server\150\Tools\Binn;C:\Program Files\Microsoft SQL Server\150\Tools\Binn;C:\Program Files\Microsoft SQL Server\150\DTS\Binn;C:\Program Files (x86)\Microsoft SQL Server\150\DTS\Binn;C:\Program Files\Azure Data Studio\bin;C:\Users\79372\AppData\Local\Microsoft\WindowsApps;D:\DataGrip 2021.2.2\bin;C:\Users\79372\AppData\Local\GitHubDesktop\bin;D:\Azure Data Studio\Azure Data Studio\bin;C:\Program Files\Azure Data Studio\bin
USERNAME=79372
DISPLAY=:0.0
LC_ALL=en_US.UTF-8
OS=Windows_NT
PROCESSOR_IDENTIFIER=AMD64 Family 23 Model 24 Stepping 1, AuthenticAMD



---------------  S Y S T E M  ---------------

OS: Windows 10 , 64 bit Build 19041 (10.0.19041.1566)
OS uptime: 2 days 10:27 hours

CPU:total 8 (initial active 8) (8 cores per cpu, 2 threads per core) family 23 model 24 stepping 1 microcode 0x0, cmov, cx8, fxsr, mmx, sse, sse2, sse3, ssse3, sse4.1, sse4.2, popcnt, avx, avx2, aes, clmul, mmxext, 3dnowpref, lzcnt, sse4a, ht, tsc, tscinvbit, tscinv, bmi1, bmi2, adx, s

Memory: 4k page, system-wide physical 7103M (376M free)
TotalPageFile size 14934M (AvailPageFile size 98M)
current process WorkingSet (physical memory assigned to process): 9M, peak: 9M
current process commit charge ("private bytes"): 59M, peak: 171M

vm_info: OpenJDK 64-Bit Server VM (11.0.11+9-b60-7590822) for windows-amd64 JRE (11.0.11+9-b60-7590822), built on Jul 29 2021 21:43:44 by "builder" with MS VC++ 14.0 (VS2015)

END.
